TN:
SF:src\animations\AnimationController.js
FN:16,(anonymous_0)
FN:31,(anonymous_1)
FN:39,(anonymous_2)
FN:48,(anonymous_3)
FN:56,(anonymous_4)
FN:65,(anonymous_5)
FN:106,(anonymous_6)
FN:130,(anonymous_7)
FN:141,(anonymous_8)
FN:156,(anonymous_9)
FN:158,(anonymous_10)
FN:165,(anonymous_11)
FN:167,(anonymous_12)
FN:180,(anonymous_13)
FN:183,(anonymous_14)
FN:201,(anonymous_15)
FN:202,(anonymous_16)
FN:216,(anonymous_17)
FN:219,(anonymous_18)
FN:237,(anonymous_19)
FN:241,(anonymous_20)
FN:253,(anonymous_21)
FN:258,(anonymous_22)
FN:300,(anonymous_23)
FN:306,(anonymous_24)
FN:322,(anonymous_25)
FN:332,(anonymous_26)
FNF:27
FNH:27
FNDA:67,(anonymous_0)
FNDA:4,(anonymous_1)
FNDA:5,(anonymous_2)
FNDA:10,(anonymous_3)
FNDA:81,(anonymous_4)
FNDA:40,(anonymous_5)
FNDA:39,(anonymous_6)
FNDA:71,(anonymous_7)
FNDA:4,(anonymous_8)
FNDA:36,(anonymous_9)
FNDA:33,(anonymous_10)
FNDA:76,(anonymous_11)
FNDA:13,(anonymous_12)
FNDA:22,(anonymous_13)
FNDA:50,(anonymous_14)
FNDA:7,(anonymous_15)
FNDA:10,(anonymous_16)
FNDA:4,(anonymous_17)
FNDA:45,(anonymous_18)
FNDA:1,(anonymous_19)
FNDA:5,(anonymous_20)
FNDA:1,(anonymous_21)
FNDA:62,(anonymous_22)
FNDA:3,(anonymous_23)
FNDA:22,(anonymous_24)
FNDA:3,(anonymous_25)
FNDA:68,(anonymous_26)
DA:17,67
DA:18,1
DA:21,66
DA:22,66
DA:23,66
DA:24,66
DA:32,4
DA:40,5
DA:49,10
DA:57,81
DA:66,40
DA:67,1
DA:72,39
DA:74,22
DA:75,22
DA:77,7
DA:78,7
DA:80,4
DA:81,4
DA:83,1
DA:84,1
DA:86,1
DA:87,1
DA:89,3
DA:90,3
DA:92,1
DA:93,1
DA:96,38
DA:97,38
DA:98,38
DA:107,39
DA:109,39
DA:110,1
DA:113,38
DA:114,38
DA:118,38
DA:119,3
DA:122,38
DA:123,38
DA:124,38
DA:131,71
DA:132,32
DA:142,4
DA:143,2
DA:144,2
DA:146,2
DA:147,2
DA:157,36
DA:158,36
DA:166,76
DA:167,76
DA:168,13
DA:169,13
DA:171,0
DA:181,22
DA:183,22
DA:184,50
DA:185,50
DA:188,50
DA:189,50
DA:191,50
DA:194,22
DA:202,7
DA:203,10
DA:204,10
DA:209,7
DA:217,4
DA:219,4
DA:220,45
DA:221,45
DA:224,45
DA:225,45
DA:227,45
DA:230,4
DA:238,1
DA:239,1
DA:241,1
DA:242,5
DA:243,5
DA:246,1
DA:254,1
DA:255,1
DA:256,1
DA:258,1
DA:259,62
DA:260,62
DA:261,62
DA:262,62
DA:264,62
DA:266,1
DA:267,1
DA:268,1
DA:271,61
DA:272,61
DA:285,61
DA:293,1
DA:301,3
DA:304,3
DA:306,3
DA:307,22
DA:310,22
DA:311,22
DA:316,22
DA:319,3
DA:333,68
DA:334,68
LF:106
LH:105
BRDA:17,0,0,1
BRDA:17,0,1,66
BRDA:66,1,0,1
BRDA:66,1,1,39
BRDA:72,2,0,22
BRDA:72,2,1,7
BRDA:72,2,2,4
BRDA:72,2,3,1
BRDA:72,2,4,1
BRDA:72,2,5,3
BRDA:72,2,6,1
BRDA:109,3,0,1
BRDA:109,3,1,38
BRDA:113,4,0,38
BRDA:113,4,1,0
BRDA:118,5,0,3
BRDA:118,5,1,35
BRDA:142,6,0,2
BRDA:142,6,1,2
BRDA:188,7,0,1
BRDA:188,7,1,49
BRDA:189,8,0,0
BRDA:189,8,1,50
BRDA:224,9,0,1
BRDA:224,9,1,44
BRDA:225,10,0,0
BRDA:225,10,1,45
BRDA:239,11,0,0
BRDA:239,11,1,1
BRDA:264,12,0,1
BRDA:264,12,1,61
BRF:31
BRH:27
end_of_record
TN:
SF:src\animations\presets.js
FN:223,getPreset
FN:231,getPresetNames
FN:239,getAllPresets
FN:240,(anonymous_3)
FN:251,isValidPreset
FN:278,interpolatePresets
FN:280,(anonymous_6)
FN:283,(anonymous_7)
FNF:8
FNH:8
FNDA:5,getPreset
FNDA:2,getPresetNames
FNDA:1,getAllPresets
FNDA:12,(anonymous_3)
FNDA:6,isValidPreset
FNDA:68,interpolatePresets
FNDA:68,(anonymous_6)
FNDA:286,(anonymous_7)
DA:9,3
DA:149,3
DA:204,3
DA:209,3
DA:224,5
DA:232,2
DA:240,12
DA:252,6
DA:253,2
DA:256,4
DA:258,4
DA:259,15
DA:260,1
DA:264,3
DA:265,1
DA:268,2
DA:280,68
DA:281,68
DA:283,286
DA:285,68
LF:20
LH:20
BRDA:224,0,0,5
BRDA:224,0,1,2
BRDA:252,1,0,2
BRDA:252,1,1,4
BRDA:252,2,0,6
BRDA:252,2,1,5
BRDA:259,3,0,1
BRDA:259,3,1,14
BRDA:264,4,0,1
BRDA:264,4,1,2
BRDA:264,5,0,3
BRDA:264,5,1,2
BRDA:280,6,0,38
BRDA:280,6,1,30
BRDA:290,7,0,27
BRDA:290,7,1,41
BRDA:291,8,0,27
BRDA:291,8,1,41
BRDA:292,9,0,7
BRDA:292,9,1,61
BRDA:292,10,0,68
BRDA:292,10,1,68
BRDA:295,11,0,25
BRDA:295,11,1,36
BRF:24
BRH:24
end_of_record
TN:
SF:src\core\FractalState.js
FN:39,deepClone
FN:45,(anonymous_1)
FN:66,(anonymous_2)
FN:78,(anonymous_3)
FN:87,(anonymous_4)
FN:100,(anonymous_5)
FN:107,(anonymous_6)
FN:113,(anonymous_7)
FN:145,(anonymous_8)
FN:193,(anonymous_9)
FN:202,(anonymous_10)
FN:210,(anonymous_11)
FN:219,(anonymous_12)
FN:223,(anonymous_13)
FN:236,(anonymous_14)
FN:255,(anonymous_15)
FN:270,(anonymous_16)
FN:280,(anonymous_17)
FN:288,(anonymous_18)
FN:305,(anonymous_19)
FN:336,(anonymous_20)
FN:351,(anonymous_21)
FN:360,(anonymous_22)
FN:374,(anonymous_23)
FN:400,(anonymous_24)
FNF:25
FNH:25
FNDA:10943,deepClone
FNDA:1324,(anonymous_1)
FNDA:126,(anonymous_2)
FNDA:499,(anonymous_3)
FNDA:182,(anonymous_4)
FNDA:249,(anonymous_5)
FNDA:357,(anonymous_6)
FNDA:24,(anonymous_7)
FNDA:249,(anonymous_8)
FNDA:4,(anonymous_9)
FNDA:42,(anonymous_10)
FNDA:33,(anonymous_11)
FNDA:210,(anonymous_12)
FNDA:24,(anonymous_13)
FNDA:5,(anonymous_14)
FNDA:2,(anonymous_15)
FNDA:3,(anonymous_16)
FNDA:3,(anonymous_17)
FNDA:1,(anonymous_18)
FNDA:5,(anonymous_19)
FNDA:2,(anonymous_20)
FNDA:2,(anonymous_21)
FNDA:2,(anonymous_22)
FNDA:3,(anonymous_23)
FNDA:3,(anonymous_24)
DA:9,4
DA:40,10943
DA:41,9314
DA:44,1629
DA:45,1324
DA:48,967
DA:49,967
DA:50,8652
DA:51,8652
DA:54,967
DA:67,126
DA:68,126
DA:69,126
DA:70,126
DA:71,126
DA:79,499
DA:88,182
DA:89,182
DA:101,249
DA:104,249
DA:107,249
DA:108,357
DA:109,357
DA:111,357
DA:112,23
DA:113,24
DA:115,334
DA:118,249
DA:119,39
DA:123,210
DA:124,5
DA:128,210
DA:134,210
DA:135,209
DA:138,210
DA:146,249
DA:149,249
DA:150,64
DA:154,249
DA:155,10
DA:159,249
DA:160,141
DA:164,249
DA:165,14
DA:169,249
DA:170,8
DA:174,249
DA:175,17
DA:179,249
DA:180,28
DA:181,0
DA:185,249
DA:194,4
DA:203,42
DA:204,1
DA:207,41
DA:210,41
DA:211,33
DA:220,210
DA:221,210
DA:223,210
DA:224,24
DA:225,24
DA:227,1
DA:238,5
DA:241,5
DA:242,5
DA:245,5
DA:246,0
DA:247,0
DA:256,2
DA:257,1
DA:260,1
DA:261,1
DA:262,1
DA:263,1
DA:271,3
DA:281,3
DA:289,1
DA:306,5
DA:307,5
DA:310,5
DA:311,5
DA:312,5
DA:314,5
DA:315,5
DA:318,5
DA:319,5
DA:320,5
DA:321,5
DA:323,5
DA:337,2
DA:339,2
DA:341,2
DA:352,2
DA:361,2
DA:362,2
DA:363,1
DA:365,1
DA:366,1
DA:375,3
DA:385,3
DA:386,3
DA:387,1
DA:388,1
DA:389,1
DA:392,3
DA:401,3
DA:402,3
DA:404,2
DA:417,2
DA:419,1
DA:420,1
LF:113
LH:110
BRDA:40,0,0,9314
BRDA:40,0,1,1629
BRDA:40,1,0,10943
BRDA:40,1,1,10943
BRDA:44,2,0,662
BRDA:44,2,1,967
BRDA:50,3,0,8652
BRDA:50,3,1,0
BRDA:66,4,0,88
BRDA:89,5,0,16
BRDA:89,5,1,166
BRDA:100,6,0,232
BRDA:101,7,0,248
BRDA:101,8,0,244
BRDA:111,9,0,23
BRDA:111,9,1,334
BRDA:111,10,0,357
BRDA:111,10,1,23
BRDA:112,11,0,23
BRDA:112,11,1,23
BRDA:118,12,0,39
BRDA:118,12,1,210
BRDA:123,13,0,5
BRDA:123,13,1,205
BRDA:134,14,0,209
BRDA:134,14,1,1
BRDA:149,15,0,64
BRDA:149,15,1,185
BRDA:154,16,0,10
BRDA:154,16,1,239
BRDA:159,17,0,141
BRDA:159,17,1,108
BRDA:164,18,0,14
BRDA:164,18,1,235
BRDA:169,19,0,8
BRDA:169,19,1,241
BRDA:174,20,0,17
BRDA:174,20,1,232
BRDA:179,21,0,28
BRDA:179,21,1,221
BRDA:180,22,0,0
BRDA:180,22,1,28
BRDA:180,23,0,28
BRDA:180,23,1,28
BRDA:193,24,0,4
BRDA:203,25,0,1
BRDA:203,25,1,41
BRDA:245,26,0,0
BRDA:245,26,1,5
BRDA:256,27,0,1
BRDA:256,27,1,1
BRDA:280,28,0,3
BRDA:305,29,0,5
BRDA:336,30,0,2
BRDA:385,31,0,0
BRDA:385,31,1,3
BRDA:386,32,0,1
BRDA:386,32,1,2
BRDA:405,33,0,2
BRDA:405,33,1,0
BRDA:406,34,0,2
BRDA:406,34,1,0
BRDA:407,35,0,2
BRDA:407,35,1,0
BRDA:408,36,0,2
BRDA:408,36,1,0
BRDA:409,37,0,2
BRDA:409,37,1,0
BRDA:410,38,0,2
BRDA:410,38,1,0
BRDA:411,39,0,2
BRDA:411,39,1,0
BRDA:414,40,0,1
BRDA:414,40,1,1
BRF:74
BRH:63
end_of_record
TN:
SF:src\core\ShaderManager.js
FN:160,(anonymous_0)
FN:176,(anonymous_1)
FN:204,(anonymous_2)
FN:252,(anonymous_3)
FN:269,(anonymous_4)
FN:277,(anonymous_5)
FN:290,(anonymous_6)
FN:298,(anonymous_7)
FN:322,(anonymous_8)
FN:335,(anonymous_9)
FN:344,(anonymous_10)
FNF:11
FNH:11
FNDA:59,(anonymous_0)
FNDA:58,(anonymous_1)
FNDA:28,(anonymous_2)
FNDA:19,(anonymous_3)
FNDA:17,(anonymous_4)
FNDA:18,(anonymous_5)
FNDA:17,(anonymous_6)
FNDA:20,(anonymous_7)
FNDA:18,(anonymous_8)
FNDA:2,(anonymous_9)
FNDA:5,(anonymous_10)
DA:8,2
DA:18,2
DA:137,2
DA:161,59
DA:162,1
DA:164,58
DA:165,58
DA:166,58
DA:177,58
DA:178,58
DA:180,58
DA:181,1
DA:184,57
DA:185,57
DA:187,57
DA:188,2
DA:189,2
DA:190,2
DA:193,55
DA:205,28
DA:208,28
DA:209,1
DA:212,27
DA:213,27
DA:215,27
DA:217,27
DA:218,1
DA:219,1
DA:220,1
DA:223,26
DA:224,26
DA:225,26
DA:227,26
DA:228,1
DA:229,1
DA:230,1
DA:231,1
DA:232,1
DA:236,25
DA:239,25
DA:240,24
DA:243,25
DA:253,19
DA:254,19
DA:256,19
DA:257,192
DA:260,19
DA:270,17
DA:278,18
DA:291,17
DA:299,20
DA:300,20
DA:302,20
DA:303,20
DA:304,20
DA:305,20
DA:308,20
DA:311,20
DA:312,20
DA:313,20
DA:314,20
DA:323,18
DA:324,18
DA:326,18
DA:327,18
DA:336,2
DA:345,5
LF:67
LH:67
BRDA:161,0,0,1
BRDA:161,0,1,58
BRDA:180,1,0,1
BRDA:180,1,1,57
BRDA:187,2,0,2
BRDA:187,2,1,55
BRDA:204,3,0,3
BRDA:208,4,0,1
BRDA:208,4,1,27
BRDA:208,5,0,28
BRDA:208,5,1,25
BRDA:217,6,0,1
BRDA:217,6,1,26
BRDA:227,7,0,1
BRDA:227,7,1,25
BRDA:239,8,0,24
BRDA:239,8,1,1
BRDA:302,9,0,20
BRDA:302,9,1,0
BRDA:312,10,0,20
BRDA:312,10,1,0
BRDA:336,11,0,2
BRDA:336,11,1,1
BRF:23
BRH:21
end_of_record
TN:
SF:src\core\WebGLRenderer.js
FN:19,(anonymous_0)
FN:63,(anonymous_1)
FN:77,(anonymous_2)
FN:85,(anonymous_3)
FN:93,(anonymous_4)
FN:130,(anonymous_5)
FN:155,(anonymous_6)
FN:183,(anonymous_7)
FN:198,(anonymous_8)
FN:207,(anonymous_9)
FN:212,(anonymous_10)
FN:227,(anonymous_11)
FN:238,(anonymous_12)
FN:247,(anonymous_13)
FN:257,(anonymous_14)
FN:265,(anonymous_15)
FN:278,(anonymous_16)
FN:287,(anonymous_17)
FN:298,(anonymous_18)
FN:319,(anonymous_19)
FN:327,(anonymous_20)
FNF:21
FNH:20
FNDA:35,(anonymous_0)
FNDA:34,(anonymous_1)
FNDA:10,(anonymous_2)
FNDA:1,(anonymous_3)
FNDA:17,(anonymous_4)
FNDA:8,(anonymous_5)
FNDA:5,(anonymous_6)
FNDA:5,(anonymous_7)
FNDA:2,(anonymous_8)
FNDA:6,(anonymous_9)
FNDA:1,(anonymous_10)
FNDA:21,(anonymous_11)
FNDA:3,(anonymous_12)
FNDA:2,(anonymous_13)
FNDA:1,(anonymous_14)
FNDA:1,(anonymous_15)
FNDA:2,(anonymous_16)
FNDA:0,(anonymous_17)
FNDA:17,(anonymous_18)
FNDA:38,(anonymous_19)
FNDA:1,(anonymous_20)
DA:20,35
DA:21,1
DA:24,34
DA:25,34
DA:32,34
DA:33,34
DA:34,1
DA:38,33
DA:41,33
DA:42,33
DA:43,33
DA:44,33
DA:47,33
DA:48,33
DA:49,33
DA:50,33
DA:51,33
DA:54,33
DA:55,33
DA:56,33
DA:64,34
DA:69,34
DA:78,10
DA:86,1
DA:94,17
DA:95,1
DA:98,16
DA:101,16
DA:102,16
DA:105,16
DA:108,16
DA:109,16
DA:110,16
DA:118,16
DA:119,16
DA:120,16
DA:122,16
DA:123,16
DA:131,8
DA:132,1
DA:135,8
DA:136,8
DA:138,8
DA:139,8
DA:140,8
DA:141,8
DA:142,8
DA:143,8
DA:144,8
DA:145,8
DA:146,8
DA:147,8
DA:148,8
DA:156,5
DA:157,5
DA:160,5
DA:163,5
DA:164,5
DA:165,5
DA:166,5
DA:170,5
DA:173,5
DA:176,5
DA:184,5
DA:185,5
DA:187,5
DA:188,0
DA:189,0
DA:190,0
DA:199,2
DA:208,6
DA:209,1
DA:212,5
DA:213,1
DA:214,1
DA:217,1
DA:218,1
DA:221,5
DA:228,21
DA:229,5
DA:230,5
DA:239,3
DA:248,2
DA:249,2
DA:250,2
DA:258,1
DA:266,1
DA:279,2
DA:288,0
DA:289,0
DA:290,0
DA:291,0
DA:292,0
DA:299,17
DA:301,17
DA:303,17
DA:304,16
DA:305,16
DA:308,17
DA:309,17
DA:312,17
DA:320,38
DA:328,1
DA:330,1
LF:104
LH:96
BRDA:19,0,0,35
BRDA:20,1,0,1
BRDA:20,1,1,34
BRDA:33,2,0,1
BRDA:33,2,1,33
BRDA:69,3,0,34
BRDA:69,3,1,1
BRDA:94,4,0,1
BRDA:94,4,1,16
BRDA:131,5,0,1
BRDA:131,5,1,7
BRDA:146,6,0,1
BRDA:146,6,1,7
BRDA:147,7,0,1
BRDA:147,7,1,7
BRDA:156,8,0,5
BRDA:156,8,1,0
BRDA:163,9,0,5
BRDA:163,9,1,0
BRDA:163,10,0,5
BRDA:163,10,1,0
BRDA:187,11,0,0
BRDA:187,11,1,5
BRDA:207,12,0,5
BRDA:208,13,0,1
BRDA:208,13,1,5
BRDA:213,14,0,1
BRDA:213,14,1,0
BRDA:228,15,0,5
BRDA:228,15,1,16
BRDA:278,16,0,1
BRDA:278,17,0,1
BRDA:287,18,0,0
BRDA:287,19,0,0
BRDA:303,20,0,16
BRDA:303,20,1,1
BRDA:308,21,0,17
BRDA:308,21,1,0
BRF:38
BRH:30
end_of_record
TN:
SF:src\math\ColorSchemes.js
FN:63,hsl2rgb
FN:99,rgb2hsl
FN:134,lerp
FN:145,lerpColor
FN:162,getColor
FN:212,rgbTo8bit
FN:225,rgbFromBit
FN:238,rgbToHex
FN:240,(anonymous_8)
FN:248,hexToRgb
FNF:10
FNH:10
FNDA:16,hsl2rgb
FNDA:4,rgb2hsl
FNDA:13,lerp
FNDA:3,lerpColor
FNDA:16,getColor
FNDA:6,rgbTo8bit
FNDA:2,rgbFromBit
FNDA:4,rgbToHex
FNDA:12,(anonymous_8)
FNDA:3,hexToRgb
DA:9,2
DA:23,2
DA:37,2
DA:54,2
DA:65,16
DA:66,16
DA:67,16
DA:69,16
DA:70,16
DA:71,16
DA:75,16
DA:76,4
DA:77,12
DA:78,3
DA:79,9
DA:80,0
DA:81,9
DA:82,5
DA:83,4
DA:84,4
DA:86,0
DA:89,16
DA:100,4
DA:101,4
DA:102,4
DA:104,4
DA:105,3
DA:108,1
DA:109,1
DA:112,1
DA:114,1
DA:115,1
DA:117,0
DA:118,0
DA:120,0
DA:121,0
DA:124,1
DA:135,13
DA:146,3
DA:164,16
DA:165,1
DA:169,15
DA:170,15
DA:171,15
DA:173,15
DA:175,5
DA:176,5
DA:180,2
DA:183,1
DA:186,3
DA:189,1
DA:192,1
DA:195,1
DA:198,1
DA:199,1
DA:203,0
DA:213,6
DA:226,2
DA:239,4
DA:240,12
DA:249,3
DA:250,3
DA:251,3
LF:63
LH:56
BRDA:75,0,0,4
BRDA:75,0,1,12
BRDA:77,1,0,3
BRDA:77,1,1,9
BRDA:79,2,0,0
BRDA:79,2,1,9
BRDA:81,3,0,5
BRDA:81,3,1,4
BRDA:83,4,0,4
BRDA:83,4,1,0
BRDA:104,5,0,3
BRDA:104,5,1,1
BRDA:109,6,0,0
BRDA:109,6,1,1
BRDA:112,7,0,1
BRDA:112,7,1,0
BRDA:112,7,2,0
BRDA:114,8,0,0
BRDA:114,8,1,1
BRDA:162,9,0,16
BRDA:164,10,0,1
BRDA:164,10,1,15
BRDA:173,11,0,5
BRDA:173,11,1,2
BRDA:173,11,2,1
BRDA:173,11,3,3
BRDA:173,11,4,1
BRDA:173,11,5,1
BRDA:173,11,6,1
BRDA:173,11,7,1
BRDA:173,11,8,0
BRF:31
BRH:24
end_of_record
TN:
SF:src\math\ComplexMath.js
FN:12,complexPower
FN:41,magnitudeSquared
FN:50,magnitude
FN:60,complexAdd
FN:70,complexSubtract
FN:80,complexMultiply
FN:98,mandelbrotIteration
FN:134,screenToComplex
FN:157,complexToScreen
FN:180,smoothIteration
FNF:10
FNH:10
FNDA:369,complexPower
FNDA:365,magnitudeSquared
FNDA:2,magnitude
FNDA:364,complexAdd
FNDA:1,complexSubtract
FNDA:2,complexMultiply
FNDA:9,mandelbrotIteration
FNDA:8,screenToComplex
FNDA:2,complexToScreen
FNDA:3,smoothIteration
DA:13,369
DA:16,369
DA:17,354
DA:21,15
DA:24,15
DA:25,2
DA:28,13
DA:29,13
DA:30,13
DA:32,13
DA:42,365
DA:51,2
DA:61,364
DA:71,1
DA:81,2
DA:99,9
DA:101,9
DA:102,9
DA:104,9
DA:106,253
DA:107,4
DA:111,253
DA:114,253
DA:115,7
DA:119,2
DA:135,8
DA:136,8
DA:139,8
DA:140,8
DA:143,8
DA:144,8
DA:145,8
DA:147,8
DA:158,2
DA:159,2
DA:161,2
DA:163,2
DA:164,2
DA:166,2
DA:167,2
DA:169,2
DA:181,3
DA:183,3
DA:184,109
DA:185,109
DA:187,109
DA:189,2
DA:190,2
DA:191,2
DA:195,1
LF:50
LH:50
BRDA:16,0,0,354
BRDA:16,0,1,15
BRDA:24,1,0,2
BRDA:24,1,1,13
BRDA:98,2,0,7
BRDA:99,3,0,8
BRDA:99,4,0,8
BRDA:99,5,0,8
BRDA:101,6,0,1
BRDA:101,6,1,8
BRDA:102,7,0,1
BRDA:102,7,1,8
BRDA:106,8,0,4
BRDA:106,8,1,249
BRDA:114,9,0,7
BRDA:114,9,1,246
BRDA:187,10,0,2
BRDA:187,10,1,107
BRF:18
BRH:18
end_of_record
TN:
SF:src\ui\ControlPanel.js
FN:19,(anonymous_0)
FN:41,(anonymous_1)
FN:48,(anonymous_2)
FN:53,(anonymous_3)
FN:58,(anonymous_4)
FN:63,(anonymous_5)
FN:68,(anonymous_6)
FN:73,(anonymous_7)
FN:83,(anonymous_8)
FN:90,(anonymous_9)
FN:101,(anonymous_10)
FN:102,(anonymous_11)
FN:116,(anonymous_12)
FN:117,(anonymous_13)
FN:127,(anonymous_14)
FN:145,(anonymous_15)
FN:157,(anonymous_16)
FN:171,(anonymous_17)
FN:179,(anonymous_18)
FN:188,(anonymous_19)
FN:219,(anonymous_20)
FN:260,(anonymous_21)
FN:292,(anonymous_22)
FN:303,(anonymous_23)
FN:308,(anonymous_24)
FN:320,(anonymous_25)
FN:327,(anonymous_26)
FNF:27
FNH:23
FNDA:35,(anonymous_0)
FNDA:0,(anonymous_1)
FNDA:32,(anonymous_2)
FNDA:2,(anonymous_3)
FNDA:1,(anonymous_4)
FNDA:1,(anonymous_5)
FNDA:1,(anonymous_6)
FNDA:1,(anonymous_7)
FNDA:18,(anonymous_8)
FNDA:10,(anonymous_9)
FNDA:64,(anonymous_10)
FNDA:3,(anonymous_11)
FNDA:64,(anonymous_12)
FNDA:2,(anonymous_13)
FNDA:3,(anonymous_14)
FNDA:3,(anonymous_15)
FNDA:2,(anonymous_16)
FNDA:3,(anonymous_17)
FNDA:0,(anonymous_18)
FNDA:7,(anonymous_19)
FNDA:22,(anonymous_20)
FNDA:10,(anonymous_21)
FNDA:1,(anonymous_22)
FNDA:0,(anonymous_23)
FNDA:0,(anonymous_24)
FNDA:1,(anonymous_25)
FNDA:35,(anonymous_26)
DA:20,35
DA:21,1
DA:24,34
DA:25,34
DA:26,34
DA:29,34
DA:32,34
DA:33,32
DA:42,0
DA:49,32
DA:52,32
DA:53,32
DA:57,32
DA:58,32
DA:62,32
DA:63,32
DA:67,32
DA:68,32
DA:72,32
DA:73,32
DA:74,1
DA:75,1
DA:76,1
DA:77,1
DA:83,32
DA:84,18
DA:86,32
DA:89,32
DA:90,32
DA:91,10
DA:93,32
DA:102,64
DA:103,3
DA:104,3
DA:106,3
DA:107,3
DA:117,64
DA:118,2
DA:119,2
DA:128,3
DA:130,2
DA:132,0
DA:135,0
DA:137,1
DA:146,3
DA:148,3
DA:149,2
DA:150,2
DA:158,2
DA:159,2
DA:161,2
DA:162,2
DA:172,3
DA:173,2
DA:180,0
DA:181,0
DA:189,7
DA:190,7
DA:192,7
DA:193,7
DA:194,7
DA:195,7
DA:199,7
DA:200,7
DA:201,7
DA:202,7
DA:206,7
DA:207,7
DA:210,7
DA:211,7
DA:220,22
DA:221,22
DA:224,22
DA:225,22
DA:228,22
DA:229,22
DA:230,22
DA:233,22
DA:234,22
DA:237,22
DA:238,22
DA:242,22
DA:243,18
DA:244,9
DA:245,9
DA:246,9
DA:250,18
DA:251,4
DA:261,10
DA:263,10
DA:272,10
DA:273,60
DA:274,60
DA:275,8
DA:277,52
DA:283,10
DA:284,10
DA:293,1
DA:294,1
DA:304,0
DA:305,0
DA:306,0
DA:307,0
DA:308,0
DA:309,0
DA:310,0
DA:312,0
DA:321,1
DA:328,35
DA:329,64
DA:331,35
LF:111
LH:98
BRDA:19,0,0,3
BRDA:20,1,0,1
BRDA:20,1,1,34
BRDA:32,2,0,32
BRDA:32,2,1,2
BRDA:52,3,0,32
BRDA:52,3,1,0
BRDA:57,4,0,32
BRDA:57,4,1,0
BRDA:62,5,0,32
BRDA:62,5,1,0
BRDA:67,6,0,32
BRDA:67,6,1,0
BRDA:72,7,0,32
BRDA:72,7,1,0
BRDA:72,8,0,32
BRDA:72,8,1,32
BRDA:76,9,0,1
BRDA:76,9,1,0
BRDA:89,10,0,32
BRDA:89,10,1,0
BRDA:106,11,0,3
BRDA:106,11,1,0
BRDA:128,12,0,2
BRDA:128,12,1,0
BRDA:128,12,2,0
BRDA:128,12,3,0
BRDA:128,12,4,1
BRDA:148,13,0,2
BRDA:148,13,1,1
BRDA:161,14,0,2
BRDA:161,14,1,0
BRDA:172,15,0,1
BRDA:172,15,1,2
BRDA:180,16,0,0
BRDA:180,16,1,0
BRDA:192,17,0,7
BRDA:192,17,1,0
BRDA:194,18,0,7
BRDA:194,18,1,0
BRDA:199,19,0,7
BRDA:199,19,1,0
BRDA:201,20,0,7
BRDA:201,20,1,0
BRDA:206,21,0,7
BRDA:206,21,1,0
BRDA:210,22,0,7
BRDA:210,22,1,0
BRDA:219,23,0,4
BRDA:224,24,0,22
BRDA:224,24,1,0
BRDA:228,25,0,22
BRDA:228,25,1,0
BRDA:229,26,0,22
BRDA:229,26,1,0
BRDA:233,27,0,22
BRDA:233,27,1,0
BRDA:237,28,0,22
BRDA:237,28,1,0
BRDA:242,29,0,18
BRDA:242,29,1,4
BRDA:243,30,0,9
BRDA:243,30,1,9
BRDA:243,31,0,18
BRDA:243,31,1,9
BRDA:245,32,0,9
BRDA:245,32,1,0
BRDA:250,33,0,4
BRDA:250,33,1,14
BRDA:250,34,0,18
BRDA:250,34,1,4
BRDA:273,35,0,60
BRDA:273,35,1,0
BRDA:274,36,0,8
BRDA:274,36,1,52
BRDA:283,37,0,10
BRDA:283,37,1,0
BRDA:284,38,0,7
BRDA:284,38,1,3
BRDA:293,39,0,1
BRDA:293,39,1,0
BRDA:310,40,0,0
BRDA:310,40,1,0
BRF:83
BRH:52
end_of_record
TN:
SF:src\ui\InteractionManager.js
FN:16,(anonymous_0)
FN:59,(anonymous_1)
FN:93,(anonymous_2)
FN:114,(anonymous_3)
FN:129,(anonymous_4)
FN:145,(anonymous_5)
FN:161,(anonymous_6)
FN:170,(anonymous_7)
FN:181,(anonymous_8)
FN:198,(anonymous_9)
FN:221,(anonymous_10)
FN:245,(anonymous_11)
FN:285,(anonymous_12)
FN:317,(anonymous_13)
FN:327,(anonymous_14)
FN:338,(anonymous_15)
FN:346,(anonymous_16)
FN:354,(anonymous_17)
FN:361,(anonymous_18)
FNF:19
FNH:14
FNDA:23,(anonymous_0)
FNDA:21,(anonymous_1)
FNDA:22,(anonymous_2)
FNDA:4,(anonymous_3)
FNDA:7,(anonymous_4)
FNDA:1,(anonymous_5)
FNDA:3,(anonymous_6)
FNDA:1,(anonymous_7)
FNDA:3,(anonymous_8)
FNDA:2,(anonymous_9)
FNDA:0,(anonymous_10)
FNDA:0,(anonymous_11)
FNDA:0,(anonymous_12)
FNDA:0,(anonymous_13)
FNDA:0,(anonymous_14)
FNDA:6,(anonymous_15)
FNDA:3,(anonymous_16)
FNDA:3,(anonymous_17)
FNDA:22,(anonymous_18)
DA:17,23
DA:18,1
DA:20,22
DA:21,1
DA:24,21
DA:25,21
DA:27,21
DA:38,21
DA:39,21
DA:40,21
DA:41,21
DA:42,21
DA:45,21
DA:46,21
DA:49,21
DA:52,21
DA:60,21
DA:63,21
DA:64,21
DA:65,21
DA:66,21
DA:67,21
DA:68,21
DA:70,21
DA:71,21
DA:72,21
DA:73,21
DA:74,21
DA:75,21
DA:78,21
DA:79,21
DA:80,21
DA:81,21
DA:83,21
DA:84,21
DA:85,21
DA:94,22
DA:96,22
DA:97,22
DA:98,22
DA:99,22
DA:100,22
DA:101,22
DA:103,22
DA:104,22
DA:105,22
DA:106,22
DA:115,4
DA:116,4
DA:117,4
DA:119,4
DA:130,7
DA:132,6
DA:133,6
DA:134,6
DA:135,6
DA:136,6
DA:138,6
DA:146,1
DA:148,1
DA:149,1
DA:151,1
DA:153,1
DA:154,1
DA:162,3
DA:163,3
DA:171,1
DA:172,1
DA:173,1
DA:182,3
DA:184,2
DA:186,2
DA:187,2
DA:191,2
DA:199,2
DA:202,2
DA:207,2
DA:209,2
DA:210,2
DA:214,2
DA:222,0
DA:224,0
DA:226,0
DA:228,0
DA:229,0
DA:230,0
DA:231,0
DA:232,0
DA:233,0
DA:234,0
DA:236,0
DA:237,0
DA:246,0
DA:248,0
DA:250,0
DA:251,0
DA:252,0
DA:254,0
DA:256,0
DA:257,0
DA:258,0
DA:260,0
DA:261,0
DA:263,0
DA:264,0
DA:266,0
DA:267,0
DA:268,0
DA:270,0
DA:277,0
DA:286,0
DA:289,0
DA:290,0
DA:295,0
DA:297,0
DA:298,0
DA:299,0
DA:301,0
DA:309,0
DA:310,0
DA:318,0
DA:319,0
DA:320,0
DA:328,0
DA:339,6
DA:347,3
DA:355,3
DA:362,22
DA:363,22
LF:129
LH:85
BRDA:16,0,0,22
BRDA:17,1,0,1
BRDA:17,1,1,22
BRDA:20,2,0,1
BRDA:20,2,1,21
BRDA:78,3,0,21
BRDA:78,3,1,0
BRDA:103,4,0,22
BRDA:103,4,1,0
BRDA:130,5,0,1
BRDA:130,5,1,6
BRDA:146,6,0,0
BRDA:146,6,1,1
BRDA:171,7,0,1
BRDA:171,7,1,0
BRDA:182,8,0,1
BRDA:182,8,1,2
BRDA:187,9,0,1
BRDA:187,9,1,1
BRDA:199,10,0,0
BRDA:199,10,1,2
BRDA:207,11,0,0
BRDA:207,11,1,2
BRDA:210,12,0,1
BRDA:210,12,1,1
BRDA:226,13,0,0
BRDA:226,13,1,0
BRDA:234,14,0,0
BRDA:234,14,1,0
BRDA:248,15,0,0
BRDA:248,15,1,0
BRDA:248,16,0,0
BRDA:248,16,1,0
BRDA:258,17,0,0
BRDA:258,17,1,0
BRDA:263,18,0,0
BRDA:263,18,1,0
BRDA:289,19,0,0
BRDA:289,19,1,0
BRDA:289,20,0,0
BRDA:289,20,1,0
BRDA:295,21,0,0
BRDA:295,21,1,0
BRF:43
BRH:19
end_of_record
